<?xml version="1.0" encoding="UTF-8"?>
<!-- Generated by org.testng.reporters.JUnitReportReporter -->
<testsuite skipped="0" hostname="Anh_PC" name="goolle.googleTesting.LoginTiki" tests="1" failures="0" timestamp="26 May 2017 02:13:20 GMT" time="36.915" errors="0">
  <testcase name="testlogin" time="36.915" classname="goolle.googleTesting.LoginTiki"/>
</testsuite> <!-- goolle.googleTesting.LoginTiki -->
