<?xml version="1.0" encoding="UTF-8"?>
<!-- Generated by org.testng.reporters.JUnitReportReporter -->
<testsuite skipped="0" hostname="Anh_PC" name="goolle.googleTesting.Testing" tests="1" failures="0" timestamp="25 May 2017 16:38:51 GMT" time="28.726" errors="0">
  <testcase name="testing" time="28.726" classname="goolle.googleTesting.Testing"/>
</testsuite> <!-- goolle.googleTesting.Testing -->
