<?xml version="1.0" encoding="UTF-8"?>
<!-- Generated by org.testng.reporters.JUnitReportReporter -->
<testsuite hostname="Anh_PC" name="goolle.googleTesting.LoginTiki" tests="1" failures="0" timestamp="26 May 2017 02:44:59 GMT" time="32.872" errors="0">
  <testcase name="testlogin" time="32.872" classname="goolle.googleTesting.LoginTiki"/>
</testsuite> <!-- goolle.googleTesting.LoginTiki -->
