<?xml version="1.0" encoding="UTF-8"?>
<!-- Generated by org.testng.reporters.JUnitReportReporter -->
<testsuite hostname="Anh_PC" name="goolle.googleTesting.RegirterTiki" tests="1" failures="0" timestamp="26 May 2017 02:44:59 GMT" time="28.887" errors="0">
  <testcase name="testing" time="28.887" classname="goolle.googleTesting.RegirterTiki"/>
</testsuite> <!-- goolle.googleTesting.RegirterTiki -->
